<?xml version="1.0" encoding="UTF-8"?>
<testng-results skipped="0" failed="1" total="3" passed="2">
  <reporter-output>
    <line>
      <![CDATA[internet explorer]]>
    </line>
    <line>
      <![CDATA[firefox]]>
    </line>
    <line>
      <![CDATA[chrome]]>
    </line>
    <line>
      <![CDATA[Openend Google Page]]>
    </line>
    <line>
      <![CDATA[Closed Google Page]]>
    </line>
    <line>
      <![CDATA[Openend Google Page]]>
    </line>
    <line>
      <![CDATA[Closed Google Page]]>
    </line>
  </reporter-output>
  <suite name="Suite" duration-ms="245123" started-at="2016-08-07T11:04:34Z" finished-at="2016-08-07T11:08:39Z">
    <groups>
    </groups>
    <test name="TestIE" duration-ms="1081" started-at="2016-08-07T11:04:34Z" finished-at="2016-08-07T11:04:35Z">
      <class name="com.qspiders.grid.GridDemoB">
        <test-method status="FAIL" signature="test(org.testng.xml.XmlTest)[pri:0, instance:com.qspiders.grid.GridDemoB@77cd7a0]" name="test" duration-ms="1016" started-at="2016-08-07T16:34:34Z" finished-at="2016-08-07T16:34:35Z">
          <params>
            <param index="0">
              <value>
                <![CDATA[[Test: "TestIE" verbose:1[parameters:browser=>internet explorerurl=>http://10.10.4.79:4444/wd/hub][metagroups:] [included: ][excluded: ]  classes:[XmlClass class=com.qspiders.grid.GridDemoB]  packages:] ]]>
              </value>
            </param>
          </params>
          <exception class="org.openqa.selenium.WebDriverException">
            <message>
              <![CDATA[Error forwarding the new session cannot find : Capabilities [{browserName=internet explorer}]
Command duration or timeout: 317 milliseconds
Build info: version: '2.53.0', revision: '35ae25b', time: '2016-03-15 17:00:58'
System info: host: 'CBT-020', ip: '10.10.4.98', os.name: 'Windows 8.1', os.arch: 'amd64', os.version: '6.3', java.version: '1.8.0_73'
Driver info: org.openqa.selenium.remote.RemoteWebDriver]]>
            </message>
            <full-stacktrace>
              <![CDATA[org.openqa.selenium.WebDriverException: Error forwarding the new session cannot find : Capabilities [{browserName=internet explorer}]
Command duration or timeout: 317 milliseconds
Build info: version: '2.53.0', revision: '35ae25b', time: '2016-03-15 17:00:58'
System info: host: 'CBT-020', ip: '10.10.4.98', os.name: 'Windows 8.1', os.arch: 'amd64', os.version: '6.3', java.version: '1.8.0_73'
Driver info: org.openqa.selenium.remote.RemoteWebDriver
	at sun.reflect.NativeConstructorAccessorImpl.newInstance0(Native Method)
	at sun.reflect.NativeConstructorAccessorImpl.newInstance(NativeConstructorAccessorImpl.java:62)
	at sun.reflect.DelegatingConstructorAccessorImpl.newInstance(DelegatingConstructorAccessorImpl.java:45)
	at java.lang.reflect.Constructor.newInstance(Constructor.java:422)
	at org.openqa.selenium.remote.ErrorHandler.createThrowable(ErrorHandler.java:206)
	at org.openqa.selenium.remote.ErrorHandler.throwIfResponseFailed(ErrorHandler.java:158)
	at org.openqa.selenium.remote.RemoteWebDriver.execute(RemoteWebDriver.java:678)
	at org.openqa.selenium.remote.RemoteWebDriver.startSession(RemoteWebDriver.java:249)
	at org.openqa.selenium.remote.RemoteWebDriver.<init>(RemoteWebDriver.java:131)
	at org.openqa.selenium.remote.RemoteWebDriver.<init>(RemoteWebDriver.java:158)
	at com.qspiders.grid.GridDemoB.test(GridDemoB.java:35)
	at sun.reflect.NativeMethodAccessorImpl.invoke0(Native Method)
	at sun.reflect.NativeMethodAccessorImpl.invoke(NativeMethodAccessorImpl.java:62)
	at sun.reflect.DelegatingMethodAccessorImpl.invoke(DelegatingMethodAccessorImpl.java:43)
	at java.lang.reflect.Method.invoke(Method.java:497)
	at org.testng.internal.MethodInvocationHelper.invokeMethod(MethodInvocationHelper.java:86)
	at org.testng.internal.Invoker.invokeMethod(Invoker.java:646)
	at org.testng.internal.Invoker.invokeTestMethod(Invoker.java:823)
	at org.testng.internal.Invoker.invokeTestMethods(Invoker.java:1131)
	at org.testng.internal.TestMethodWorker.invokeTestMethods(TestMethodWorker.java:129)
	at org.testng.internal.TestMethodWorker.run(TestMethodWorker.java:112)
	at org.testng.TestRunner.privateRun(TestRunner.java:778)
	at org.testng.TestRunner.run(TestRunner.java:632)
	at org.testng.SuiteRunner.runTest(SuiteRunner.java:366)
	at org.testng.SuiteRunner.access$000(SuiteRunner.java:39)
	at org.testng.SuiteRunner$SuiteWorker.run(SuiteRunner.java:400)
	at org.testng.internal.thread.ThreadUtil$2.call(ThreadUtil.java:64)
	at java.util.concurrent.FutureTask.run(FutureTask.java:266)
	at java.util.concurrent.ThreadPoolExecutor.runWorker(ThreadPoolExecutor.java:1142)
	at java.util.concurrent.ThreadPoolExecutor$Worker.run(ThreadPoolExecutor.java:617)
	at java.lang.Thread.run(Thread.java:745)
Caused by: org.openqa.grid.common.exception.GridException: Error forwarding the new session cannot find : Capabilities [{browserName=internet explorer}]
	at org.openqa.grid.web.servlet.handler.RequestHandler.process(RequestHandler.java:115)
	at org.openqa.grid.web.servlet.DriverServlet.process(DriverServlet.java:83)
	at org.openqa.grid.web.servlet.DriverServlet.doPost(DriverServlet.java:67)
	at javax.servlet.http.HttpServlet.service(HttpServlet.java:707)
	at javax.servlet.http.HttpServlet.service(HttpServlet.java:790)
	at org.seleniumhq.jetty9.servlet.ServletHolder.handle(ServletHolder.java:808)
	at org.seleniumhq.jetty9.servlet.ServletHandler.doHandle(ServletHandler.java:587)
	at org.seleniumhq.jetty9.server.session.SessionHandler.doHandle(SessionHandler.java:221)
	at org.seleniumhq.jetty9.server.handler.ContextHandler.doHandle(ContextHandler.java:1127)
	at org.seleniumhq.jetty9.servlet.ServletHandler.doScope(ServletHandler.java:515)
	at org.seleniumhq.jetty9.server.session.SessionHandler.doScope(SessionHandler.java:185)
	at org.seleniumhq.jetty9.server.handler.ContextHandler.doScope(ContextHandler.java:1061)
	at org.seleniumhq.jetty9.server.handler.ScopedHandler.handle(ScopedHandler.java:141)
	at org.seleniumhq.jetty9.server.handler.HandlerWrapper.handle(HandlerWrapper.java:97)
	at org.seleniumhq.jetty9.server.Server.handle(Server.java:499)
	at org.seleniumhq.jetty9.server.HttpChannel.handle(HttpChannel.java:310)
	at org.seleniumhq.jetty9.server.HttpConnection.onFillable(HttpConnection.java:257)
	at org.seleniumhq.jetty9.io.AbstractConnection$2.run(AbstractConnection.java:540)
	at org.seleniumhq.jetty9.util.thread.QueuedThreadPool.runJob(QueuedThreadPool.java:635)
	at org.seleniumhq.jetty9.util.thread.QueuedThreadPool$3.run(QueuedThreadPool.java:555)
	at java.lang.Thread.run(Unknown Source)
]]>
            </full-stacktrace>
          </exception> <!-- org.openqa.selenium.WebDriverException -->
          <reporter-output>
            <line>
              <![CDATA[internet explorer]]>
            </line>
          </reporter-output>
        </test-method> <!-- test -->
      </class> <!-- com.qspiders.grid.GridDemoB -->
    </test> <!-- TestIE -->
    <test name="TestFF" duration-ms="78508" started-at="2016-08-07T11:04:34Z" finished-at="2016-08-07T11:05:52Z">
      <class name="com.qspiders.grid.GridDemoB">
        <test-method status="PASS" signature="test(org.testng.xml.XmlTest)[pri:0, instance:com.qspiders.grid.GridDemoB@26653222]" name="test" duration-ms="78463" started-at="2016-08-07T16:34:34Z" finished-at="2016-08-07T16:35:52Z">
          <params>
            <param index="0">
              <value>
                <![CDATA[[Test: "TestFF" verbose:1[parameters:browser=>firefoxurl=>http://10.10.4.79:4444/wd/hub][metagroups:] [included: ][excluded: ]  classes:[XmlClass class=com.qspiders.grid.GridDemoB]  packages:] ]]>
              </value>
            </param>
          </params>
          <reporter-output>
            <line>
              <![CDATA[firefox]]>
            </line>
            <line>
              <![CDATA[Openend Google Page]]>
            </line>
            <line>
              <![CDATA[Closed Google Page]]>
            </line>
          </reporter-output>
        </test-method> <!-- test -->
      </class> <!-- com.qspiders.grid.GridDemoB -->
    </test> <!-- TestFF -->
    <test name="TestGC" duration-ms="245123" started-at="2016-08-07T11:04:34Z" finished-at="2016-08-07T11:08:39Z">
      <class name="com.qspiders.grid.GridDemoB">
        <test-method status="PASS" signature="test(org.testng.xml.XmlTest)[pri:0, instance:com.qspiders.grid.GridDemoB@57baeedf]" name="test" duration-ms="245077" started-at="2016-08-07T16:34:34Z" finished-at="2016-08-07T16:38:39Z">
          <params>
            <param index="0">
              <value>
                <![CDATA[[Test: "TestGC" verbose:1[parameters:browser=>chromeurl=>http://10.10.4.79:4444/wd/hub][metagroups:] [included: ][excluded: ]  classes:[XmlClass class=com.qspiders.grid.GridDemoB]  packages:] ]]>
              </value>
            </param>
          </params>
          <reporter-output>
            <line>
              <![CDATA[chrome]]>
            </line>
            <line>
              <![CDATA[Openend Google Page]]>
            </line>
            <line>
              <![CDATA[Closed Google Page]]>
            </line>
          </reporter-output>
        </test-method> <!-- test -->
      </class> <!-- com.qspiders.grid.GridDemoB -->
    </test> <!-- TestGC -->
  </suite> <!-- Suite -->
</testng-results>
